Assembler report for Vector-06C_poseidon-ep4cgx150
Sun Oct 13 19:10:49 2024
Quartus Prime Version 17.0.2 Build 602 07/19/2017 SJ Lite Edition


---------------------
; Table of Contents ;
---------------------
  1. Legal Notice
  2. Assembler Summary
  3. Assembler Settings
  4. Assembler Generated Files
  5. Assembler Device Options: F:/FPGA-POSEIDON-FINAL/Vector06_MIST-master/poseidon-ep4cgx150/output_files/Vector-06C_poseidon-ep4cgx150.sof
  6. Assembler Device Options: F:/FPGA-POSEIDON-FINAL/Vector06_MIST-master/poseidon-ep4cgx150/output_files/Vector-06C_poseidon-ep4cgx150.rbf
  7. Assembler Messages



----------------
; Legal Notice ;
----------------
Copyright (C) 2017  Intel Corporation. All rights reserved.
Your use of Intel Corporation's design tools, logic functions 
and other software and tools, and its AMPP partner logic 
functions, and any output files from any of the foregoing 
(including device programming or simulation files), and any 
associated documentation or information are expressly subject 
to the terms and conditions of the Intel Program License 
Subscription Agreement, the Intel Quartus Prime License Agreement,
the Intel MegaCore Function License Agreement, or other 
applicable license agreement, including, without limitation, 
that your use is for the sole purpose of programming logic 
devices manufactured by Intel and sold by Intel or its 
authorized distributors.  Please refer to the applicable 
agreement for further details.



+---------------------------------------------------------------+
; Assembler Summary                                             ;
+-----------------------+---------------------------------------+
; Assembler Status      ; Successful - Sun Oct 13 19:10:49 2024 ;
; Revision Name         ; Vector-06C_poseidon-ep4cgx150         ;
; Top-level Entity Name ; poseidon_top                          ;
; Family                ; Cyclone IV GX                         ;
; Device                ; EP4CGX150DF27I7                       ;
+-----------------------+---------------------------------------+


+----------------------------------+
; Assembler Settings               ;
+--------+---------+---------------+
; Option ; Setting ; Default Value ;
+--------+---------+---------------+


+---------------------------------------------------------------------------------------------------------------+
; Assembler Generated Files                                                                                     ;
+---------------------------------------------------------------------------------------------------------------+
; File Name                                                                                                     ;
+---------------------------------------------------------------------------------------------------------------+
; F:/FPGA-POSEIDON-FINAL/Vector06_MIST-master/poseidon-ep4cgx150/output_files/Vector-06C_poseidon-ep4cgx150.sof ;
; F:/FPGA-POSEIDON-FINAL/Vector06_MIST-master/poseidon-ep4cgx150/output_files/Vector-06C_poseidon-ep4cgx150.rbf ;
+---------------------------------------------------------------------------------------------------------------+


+-----------------------------------------------------------------------------------------------------------------------------------------+
; Assembler Device Options: F:/FPGA-POSEIDON-FINAL/Vector06_MIST-master/poseidon-ep4cgx150/output_files/Vector-06C_poseidon-ep4cgx150.sof ;
+----------------+------------------------------------------------------------------------------------------------------------------------+
; Option         ; Setting                                                                                                                ;
+----------------+------------------------------------------------------------------------------------------------------------------------+
; JTAG usercode  ; 0x00D4E95D                                                                                                             ;
; Checksum       ; 0x00D4E95D                                                                                                             ;
+----------------+------------------------------------------------------------------------------------------------------------------------+


+-----------------------------------------------------------------------------------------------------------------------------------------+
; Assembler Device Options: F:/FPGA-POSEIDON-FINAL/Vector06_MIST-master/poseidon-ep4cgx150/output_files/Vector-06C_poseidon-ep4cgx150.rbf ;
+---------------------+-------------------------------------------------------------------------------------------------------------------+
; Option              ; Setting                                                                                                           ;
+---------------------+-------------------------------------------------------------------------------------------------------------------+
; Raw Binary File     ;                                                                                                                   ;
;  Compression Ratio  ; 3                                                                                                                 ;
+---------------------+-------------------------------------------------------------------------------------------------------------------+


+--------------------+
; Assembler Messages ;
+--------------------+
Info: *******************************************************************
Info: Running Quartus Prime Assembler
    Info: Version 17.0.2 Build 602 07/19/2017 SJ Lite Edition
    Info: Processing started: Sun Oct 13 19:10:42 2024
Info: Command: quartus_asm --read_settings_files=off --write_settings_files=off Vector-06C_poseidon-ep4cgx150 -c Vector-06C_poseidon-ep4cgx150
Info (115031): Writing out detailed assembly data for power analysis
Info (115030): Assembler is generating device programming files
Info: Quartus Prime Assembler was successful. 0 errors, 0 warnings
    Info: Peak virtual memory: 4777 megabytes
    Info: Processing ended: Sun Oct 13 19:10:49 2024
    Info: Elapsed time: 00:00:07
    Info: Total CPU time (on all processors): 00:00:07


